0    DEBUG [2017-04-18 14:27:41]  Request:
1    DEBUG [2017-04-18 14:27:41]  GET:https://api.weibo.com/2/account/get_uid.json
30   DEBUG [2017-04-18 14:27:41]  Authorization: OAuth2 2.008T4N4D09TpN9b6cf4a61d00UAKKJ 
30   DEBUG [2017-04-18 14:27:41]  API-RemoteIP: 192.168.5.104
442  DEBUG [2017-04-18 14:27:42]  Response:
442  DEBUG [2017-04-18 14:27:42]  https StatusCode:200
442  DEBUG [2017-04-18 14:27:42]  Server:nginx/1.6.1
442  DEBUG [2017-04-18 14:27:42]  Date:Tue, 18 Apr 2017 06:27:37 GMT
442  DEBUG [2017-04-18 14:27:42]  Content-Type:application/json;charset=UTF-8
442  DEBUG [2017-04-18 14:27:42]  Transfer-Encoding:chunked
442  DEBUG [2017-04-18 14:27:42]  Connection:keep-alive
442  DEBUG [2017-04-18 14:27:42]  Api-Server-IP:10.77.9.141
443  DEBUG [2017-04-18 14:27:42]  Vary:Accept-Encoding
444  WARN  [2017-04-18 14:27:42]  Going to buffer response body of large or unknown size. Using getResponseBodyAsStream instead is recommended.
445  DEBUG [2017-04-18 14:27:42]  {"uid":3091442725}

447  DEBUG [2017-04-18 14:27:42]  Request:
447  DEBUG [2017-04-18 14:27:42]  GET:https://api.weibo.com/2//messages/reply.json
448  DEBUG [2017-04-18 14:27:42]  Authorization: OAuth2 2.008T4N4D09TpN9b6cf4a61d00UAKKJ 
448  DEBUG [2017-04-18 14:27:42]  API-RemoteIP: 192.168.5.104
490  DEBUG [2017-04-18 14:27:42]  Response:
491  DEBUG [2017-04-18 14:27:42]  https StatusCode:404
491  DEBUG [2017-04-18 14:27:42]  Server:nginx/1.6.1
491  DEBUG [2017-04-18 14:27:42]  Date:Tue, 18 Apr 2017 06:27:37 GMT
491  DEBUG [2017-04-18 14:27:42]  Content-Type:application/json;charset=UTF-8
491  DEBUG [2017-04-18 14:27:42]  Transfer-Encoding:chunked
491  DEBUG [2017-04-18 14:27:42]  Connection:keep-alive
491  DEBUG [2017-04-18 14:27:42]  Api-Server-IP:10.75.5.96
492  DEBUG [2017-04-18 14:27:42]  Vary:Accept-Encoding
492  WARN  [2017-04-18 14:27:42]  Going to buffer response body of large or unknown size. Using getResponseBodyAsStream instead is recommended.
492  DEBUG [2017-04-18 14:27:42]  {"error":"Request Api not found!","error_code":10020,"request":"/2//messages/reply.json"}

0    DEBUG [2017-04-18 14:30:21]  Request:
1    DEBUG [2017-04-18 14:30:21]  GET:https://api.weibo.com/2/account/get_uid.json
28   DEBUG [2017-04-18 14:30:22]  Authorization: OAuth2 2.008T4N4D09TpN9b6cf4a61d00UAKKJ 
28   DEBUG [2017-04-18 14:30:22]  API-RemoteIP: 192.168.5.104
635  DEBUG [2017-04-18 14:30:22]  Response:
635  DEBUG [2017-04-18 14:30:22]  https StatusCode:200
635  DEBUG [2017-04-18 14:30:22]  Server:nginx/1.6.1
635  DEBUG [2017-04-18 14:30:22]  Date:Tue, 18 Apr 2017 06:30:18 GMT
636  DEBUG [2017-04-18 14:30:22]  Content-Type:application/json;charset=UTF-8
636  DEBUG [2017-04-18 14:30:22]  Transfer-Encoding:chunked
636  DEBUG [2017-04-18 14:30:22]  Connection:keep-alive
636  DEBUG [2017-04-18 14:30:22]  Api-Server-IP:10.77.9.140
636  DEBUG [2017-04-18 14:30:22]  Vary:Accept-Encoding
639  WARN  [2017-04-18 14:30:22]  Going to buffer response body of large or unknown size. Using getResponseBodyAsStream instead is recommended.
640  DEBUG [2017-04-18 14:30:22]  {"uid":3091442725}

644  DEBUG [2017-04-18 14:30:22]  Request:
644  DEBUG [2017-04-18 14:30:22]  GET:https://api.weibo.com/2/messages/reply.json
646  DEBUG [2017-04-18 14:30:22]  Authorization: OAuth2 2.008T4N4D09TpN9b6cf4a61d00UAKKJ 
646  DEBUG [2017-04-18 14:30:22]  API-RemoteIP: 192.168.5.104
695  DEBUG [2017-04-18 14:30:22]  Response:
696  DEBUG [2017-04-18 14:30:22]  https StatusCode:404
696  DEBUG [2017-04-18 14:30:22]  Server:nginx/1.6.1
696  DEBUG [2017-04-18 14:30:22]  Date:Tue, 18 Apr 2017 06:30:18 GMT
697  DEBUG [2017-04-18 14:30:22]  Content-Type:application/json;charset=UTF-8
697  DEBUG [2017-04-18 14:30:22]  Transfer-Encoding:chunked
697  DEBUG [2017-04-18 14:30:22]  Connection:keep-alive
697  DEBUG [2017-04-18 14:30:22]  Api-Server-IP:10.77.9.142
697  DEBUG [2017-04-18 14:30:22]  Vary:Accept-Encoding
697  WARN  [2017-04-18 14:30:22]  Going to buffer response body of large or unknown size. Using getResponseBodyAsStream instead is recommended.
697  DEBUG [2017-04-18 14:30:22]  {"error":"Request Api not found!","error_code":10020,"request":"/2/messages/reply.json"}

0    DEBUG [2017-04-18 14:31:06]  Request:
5    DEBUG [2017-04-18 14:31:06]  GET:https://api.weibo.com/2/account/get_uid.json
48   DEBUG [2017-04-18 14:31:06]  Authorization: OAuth2 2.008T4N4D09TpN9b6cf4a61d00UAKKJ 
48   DEBUG [2017-04-18 14:31:06]  API-RemoteIP: 192.168.5.104
415  DEBUG [2017-04-18 14:31:07]  Response:
416  DEBUG [2017-04-18 14:31:07]  https StatusCode:200
416  DEBUG [2017-04-18 14:31:07]  Server:nginx/1.6.1
416  DEBUG [2017-04-18 14:31:07]  Date:Tue, 18 Apr 2017 06:31:02 GMT
416  DEBUG [2017-04-18 14:31:07]  Content-Type:application/json;charset=UTF-8
416  DEBUG [2017-04-18 14:31:07]  Transfer-Encoding:chunked
417  DEBUG [2017-04-18 14:31:07]  Connection:keep-alive
417  DEBUG [2017-04-18 14:31:07]  Api-Server-IP:10.75.5.112
417  DEBUG [2017-04-18 14:31:07]  Vary:Accept-Encoding
420  WARN  [2017-04-18 14:31:07]  Going to buffer response body of large or unknown size. Using getResponseBodyAsStream instead is recommended.
421  DEBUG [2017-04-18 14:31:07]  {"uid":3091442725}

7371 DEBUG [2017-04-18 14:31:14]  Request:
7371 DEBUG [2017-04-18 14:31:14]  GET:https://api.weibo.com/2/messages/reply.json
7373 DEBUG [2017-04-18 14:31:14]  Authorization: OAuth2 2.008T4N4D09TpN9b6cf4a61d00UAKKJ 
7373 DEBUG [2017-04-18 14:31:14]  API-RemoteIP: 192.168.5.104
7411 DEBUG [2017-04-18 14:31:14]  Response:
7411 DEBUG [2017-04-18 14:31:14]  https StatusCode:404
7411 DEBUG [2017-04-18 14:31:14]  Server:nginx/1.6.1
7412 DEBUG [2017-04-18 14:31:14]  Date:Tue, 18 Apr 2017 06:31:09 GMT
7412 DEBUG [2017-04-18 14:31:14]  Content-Type:application/json;charset=UTF-8
7412 DEBUG [2017-04-18 14:31:14]  Transfer-Encoding:chunked
7412 DEBUG [2017-04-18 14:31:14]  Connection:keep-alive
7412 DEBUG [2017-04-18 14:31:14]  Api-Server-IP:10.77.9.144
7412 DEBUG [2017-04-18 14:31:14]  Vary:Accept-Encoding
7412 WARN  [2017-04-18 14:31:14]  Going to buffer response body of large or unknown size. Using getResponseBodyAsStream instead is recommended.
7412 DEBUG [2017-04-18 14:31:14]  {"error":"Request Api not found!","error_code":10020,"request":"/2/messages/reply.json"}

0    DEBUG [2017-04-18 14:57:45]  Request:
1    DEBUG [2017-04-18 14:57:45]  GET:https://api.weibo.com/2/account/get_uid.json
29   DEBUG [2017-04-18 14:57:45]  Authorization: OAuth2 2.008T4N4D09TpN9b6cf4a61d00UAKKJ 
29   DEBUG [2017-04-18 14:57:45]  API-RemoteIP: 192.168.5.104
452  DEBUG [2017-04-18 14:57:45]  Response:
453  DEBUG [2017-04-18 14:57:45]  https StatusCode:200
453  DEBUG [2017-04-18 14:57:45]  Server:nginx/1.6.1
453  DEBUG [2017-04-18 14:57:45]  Date:Tue, 18 Apr 2017 06:57:41 GMT
454  DEBUG [2017-04-18 14:57:45]  Content-Type:application/json;charset=UTF-8
454  DEBUG [2017-04-18 14:57:45]  Transfer-Encoding:chunked
454  DEBUG [2017-04-18 14:57:45]  Connection:keep-alive
454  DEBUG [2017-04-18 14:57:45]  Api-Server-IP:10.75.5.67
454  DEBUG [2017-04-18 14:57:45]  Vary:Accept-Encoding
458  WARN  [2017-04-18 14:57:45]  Going to buffer response body of large or unknown size. Using getResponseBodyAsStream instead is recommended.
459  DEBUG [2017-04-18 14:57:45]  {"uid":3091442725}

465  DEBUG [2017-04-18 14:57:45]  Request:
465  DEBUG [2017-04-18 14:57:45]  GET:https://api.weibo.com/2/messages/reply.json
468  DEBUG [2017-04-18 14:57:45]  Authorization: OAuth2 2.008T4N4D09TpN9b6cf4a61d00UAKKJ 
468  DEBUG [2017-04-18 14:57:45]  API-RemoteIP: 192.168.5.104
512  DEBUG [2017-04-18 14:57:45]  Response:
512  DEBUG [2017-04-18 14:57:45]  https StatusCode:404
512  DEBUG [2017-04-18 14:57:45]  Server:nginx/1.6.1
513  DEBUG [2017-04-18 14:57:45]  Date:Tue, 18 Apr 2017 06:57:41 GMT
513  DEBUG [2017-04-18 14:57:45]  Content-Type:application/json;charset=UTF-8
513  DEBUG [2017-04-18 14:57:45]  Transfer-Encoding:chunked
513  DEBUG [2017-04-18 14:57:45]  Connection:keep-alive
513  DEBUG [2017-04-18 14:57:45]  Api-Server-IP:10.75.5.94
513  DEBUG [2017-04-18 14:57:45]  Vary:Accept-Encoding
513  WARN  [2017-04-18 14:57:45]  Going to buffer response body of large or unknown size. Using getResponseBodyAsStream instead is recommended.
514  DEBUG [2017-04-18 14:57:45]  {"error":"Request Api not found!","error_code":10020,"request":"/2/messages/reply.json"}

