[INFO ][20180730 21:36:35,946][AbstractApplicationContext:582] Refreshing org.springframework.context.support.FileSystemXmlApplicationContext@3d24753a: startup date [Mon Jul 30 21:36:35 CST 2018]; root of context hierarchy
[INFO ][20180730 21:36:36,189][XmlBeanDefinitionReader:317] Loading XML bean definitions from file [D:\demosrc\lzh-maven-parent\lzh-technology\spring.spring-beans.xml]
[INFO ][20180730 21:36:57,821][AbstractApplicationContext:582] Refreshing org.springframework.context.support.FileSystemXmlApplicationContext@3d24753a: startup date [Mon Jul 30 21:36:57 CST 2018]; root of context hierarchy
[INFO ][20180730 21:36:58,028][XmlBeanDefinitionReader:317] Loading XML bean definitions from file [D:\demosrc\lzh-maven-parent\lzh-technology\spring\spring-beans.xml]
[INFO ][20180730 21:37:41,315][AbstractApplicationContext:582] Refreshing org.springframework.context.support.FileSystemXmlApplicationContext@3d24753a: startup date [Mon Jul 30 21:37:41 CST 2018]; root of context hierarchy
[INFO ][20180730 21:37:41,562][XmlBeanDefinitionReader:317] Loading XML bean definitions from class path resource [spring/spring-beans.xml]
[INFO ][20180730 21:38:14,224][AbstractApplicationContext:582] Refreshing org.springframework.context.support.FileSystemXmlApplicationContext@3d24753a: startup date [Mon Jul 30 21:38:14 CST 2018]; root of context hierarchy
[INFO ][20180730 21:38:14,427][XmlBeanDefinitionReader:317] Loading XML bean definitions from class path resource [applicationContext.xml]
[INFO ][20180730 21:38:14,774][XmlBeanDefinitionReader:317] Loading XML bean definitions from URL [file:/D:/demosrc/lzh-maven-parent/lzh-technology/target/classes/spring/spring-beans.xml]
[INFO ][20180730 21:39:33,801][AbstractApplicationContext:582] Refreshing org.springframework.context.support.FileSystemXmlApplicationContext@3d24753a: startup date [Mon Jul 30 21:39:33 CST 2018]; root of context hierarchy
[INFO ][20180730 21:39:34,008][XmlBeanDefinitionReader:317] Loading XML bean definitions from class path resource [spring/spring-beans.xml]
[INFO ][20180730 21:39:35,490][DefaultListableBeanFactory:826] Overriding bean definition for bean 'initializingBean' with a different definition: replacing [Generic bean: class [com.lzhsite.technology.test.TestInitializingBean]; scope=singleton; abstract=false; lazyInit=false; autowireMode=1; dependencyCheck=0; autowireCandidate=true; primary=false; factoryBeanName=null; factoryMethodName=null; initMethodName=null; destroyMethodName=null; defined in file [D:\demosrc\lzh-maven-parent\lzh-technology\target\classes\com\lzhsite\technology\test\TestInitializingBean.class]] with [Generic bean: class [com.lzhsite.technology.test.TestInitializingBean]; scope=; abstract=false; lazyInit=false; autowireMode=1; dependencyCheck=0; autowireCandidate=true; primary=false; factoryBeanName=null; factoryMethodName=null; initMethodName=null; destroyMethodName=null; defined in class path resource [spring/spring-beans.xml]]
[INFO ][20180730 21:39:38,694][PluginsService:180] [es1] modules [], plugins [], sites []
[WARN ][20180730 21:39:43,130][AbstractApplicationContext:550] Exception encountered during context initialization - cancelling refresh attempt: org.springframework.beans.factory.BeanCreationException: Error creating bean with name 'userController': Injection of resource dependencies failed; nested exception is org.springframework.beans.factory.NoSuchBeanDefinitionException: No qualifying bean of type 'com.lzhsite.dao.UserMapper' available: expected at least 1 bean which qualifies as autowire candidate. Dependency annotations: {@javax.annotation.Resource(shareable=true, lookup=, name=, description=, authenticationType=CONTAINER, type=class java.lang.Object, mappedName=)}
[INFO ][20180730 21:43:59,471][AbstractApplicationContext:582] Refreshing org.springframework.context.support.FileSystemXmlApplicationContext@3d24753a: startup date [Mon Jul 30 21:43:59 CST 2018]; root of context hierarchy
[INFO ][20180730 21:43:59,803][XmlBeanDefinitionReader:317] Loading XML bean definitions from class path resource [spring/spring-beans.xml]
[INFO ][20180730 21:44:01,308][DefaultListableBeanFactory:826] Overriding bean definition for bean 'initializingBean' with a different definition: replacing [Generic bean: class [com.lzhsite.technology.test.TestInitializingBean]; scope=singleton; abstract=false; lazyInit=false; autowireMode=1; dependencyCheck=0; autowireCandidate=true; primary=false; factoryBeanName=null; factoryMethodName=null; initMethodName=null; destroyMethodName=null; defined in file [D:\demosrc\lzh-maven-parent\lzh-technology\target\classes\com\lzhsite\technology\test\TestInitializingBean.class]] with [Generic bean: class [com.lzhsite.technology.test.TestInitializingBean]; scope=; abstract=false; lazyInit=false; autowireMode=1; dependencyCheck=0; autowireCandidate=true; primary=false; factoryBeanName=null; factoryMethodName=null; initMethodName=null; destroyMethodName=null; defined in class path resource [spring/spring-beans.xml]]
[INFO ][20180730 21:44:03,924][PluginsService:180] [es1] modules [], plugins [], sites []
[WARN ][20180730 21:44:07,925][AbstractApplicationContext:550] Exception encountered during context initialization - cancelling refresh attempt: org.springframework.beans.factory.BeanCreationException: Error creating bean with name 'userController': Injection of resource dependencies failed; nested exception is org.springframework.beans.factory.NoSuchBeanDefinitionException: No qualifying bean of type 'com.lzhsite.dao.UserMapper' available: expected at least 1 bean which qualifies as autowire candidate. Dependency annotations: {@javax.annotation.Resource(shareable=true, lookup=, name=, description=, authenticationType=CONTAINER, type=class java.lang.Object, mappedName=)}
[INFO ][20180730 21:44:43,722][AbstractApplicationContext:582] Refreshing org.springframework.context.support.FileSystemXmlApplicationContext@3d24753a: startup date [Mon Jul 30 21:44:43 CST 2018]; root of context hierarchy
[INFO ][20180730 21:44:43,937][XmlBeanDefinitionReader:317] Loading XML bean definitions from class path resource [spring/spring-beans.xml]
[INFO ][20180730 21:44:45,449][DefaultListableBeanFactory:826] Overriding bean definition for bean 'initializingBean' with a different definition: replacing [Generic bean: class [com.lzhsite.technology.test.TestInitializingBean]; scope=singleton; abstract=false; lazyInit=false; autowireMode=1; dependencyCheck=0; autowireCandidate=true; primary=false; factoryBeanName=null; factoryMethodName=null; initMethodName=null; destroyMethodName=null; defined in file [D:\demosrc\lzh-maven-parent\lzh-technology\target\classes\com\lzhsite\technology\test\TestInitializingBean.class]] with [Generic bean: class [com.lzhsite.technology.test.TestInitializingBean]; scope=; abstract=false; lazyInit=false; autowireMode=1; dependencyCheck=0; autowireCandidate=true; primary=false; factoryBeanName=null; factoryMethodName=null; initMethodName=null; destroyMethodName=null; defined in class path resource [spring/spring-beans.xml]]
[INFO ][20180730 21:44:48,083][PluginsService:180] [es1] modules [], plugins [], sites []
[WARN ][20180730 21:44:52,276][AbstractApplicationContext:550] Exception encountered during context initialization - cancelling refresh attempt: org.springframework.beans.factory.BeanCreationException: Error creating bean with name 'userController': Injection of resource dependencies failed; nested exception is org.springframework.beans.factory.NoSuchBeanDefinitionException: No qualifying bean of type 'com.lzhsite.dao.UserMapper' available: expected at least 1 bean which qualifies as autowire candidate. Dependency annotations: {@javax.annotation.Resource(shareable=true, lookup=, name=, description=, authenticationType=CONTAINER, type=class java.lang.Object, mappedName=)}
[INFO ][20180730 21:50:40,978][AbstractApplicationContext:582] Refreshing org.springframework.context.support.FileSystemXmlApplicationContext@3d24753a: startup date [Mon Jul 30 21:50:40 CST 2018]; root of context hierarchy
[INFO ][20180730 21:50:41,187][XmlBeanDefinitionReader:317] Loading XML bean definitions from class path resource [spring/spring-spring-testBeans.xml]
[INFO ][20180730 21:51:27,477][AbstractApplicationContext:582] Refreshing org.springframework.context.support.FileSystemXmlApplicationContext@3d24753a: startup date [Mon Jul 30 21:51:27 CST 2018]; root of context hierarchy
[INFO ][20180730 21:51:27,681][XmlBeanDefinitionReader:317] Loading XML bean definitions from class path resource [spring/spring-testBeans.xml]
[INFO ][20180730 21:51:58,862][AbstractApplicationContext:582] Refreshing org.springframework.context.support.FileSystemXmlApplicationContext@3d24753a: startup date [Mon Jul 30 21:51:58 CST 2018]; root of context hierarchy
[INFO ][20180730 21:51:59,073][XmlBeanDefinitionReader:317] Loading XML bean definitions from class path resource [spring/spring-testBeans.xml]
