0    DEBUG [2017-04-18 14:27:41]  Request:
1    DEBUG [2017-04-18 14:27:41]  GET:https://api.weibo.com/2/account/get_uid.json
30   DEBUG [2017-04-18 14:27:41]  Authorization: OAuth2 2.008T4N4D09TpN9b6cf4a61d00UAKKJ 
30   DEBUG [2017-04-18 14:27:41]  API-RemoteIP: 192.168.5.104
442  DEBUG [2017-04-18 14:27:42]  Response:
442  DEBUG [2017-04-18 14:27:42]  https StatusCode:200
442  DEBUG [2017-04-18 14:27:42]  Server:nginx/1.6.1
442  DEBUG [2017-04-18 14:27:42]  Date:Tue, 18 Apr 2017 06:27:37 GMT
442  DEBUG [2017-04-18 14:27:42]  Content-Type:application/json;charset=UTF-8
442  DEBUG [2017-04-18 14:27:42]  Transfer-Encoding:chunked
442  DEBUG [2017-04-18 14:27:42]  Connection:keep-alive
442  DEBUG [2017-04-18 14:27:42]  Api-Server-IP:10.77.9.141
443  DEBUG [2017-04-18 14:27:42]  Vary:Accept-Encoding
444  WARN  [2017-04-18 14:27:42]  Going to buffer response body of large or unknown size. Using getResponseBodyAsStream instead is recommended.
445  DEBUG [2017-04-18 14:27:42]  {"uid":3091442725}

447  DEBUG [2017-04-18 14:27:42]  Request:
447  DEBUG [2017-04-18 14:27:42]  GET:https://api.weibo.com/2//messages/reply.json
448  DEBUG [2017-04-18 14:27:42]  Authorization: OAuth2 2.008T4N4D09TpN9b6cf4a61d00UAKKJ 
448  DEBUG [2017-04-18 14:27:42]  API-RemoteIP: 192.168.5.104
490  DEBUG [2017-04-18 14:27:42]  Response:
491  DEBUG [2017-04-18 14:27:42]  https StatusCode:404
491  DEBUG [2017-04-18 14:27:42]  Server:nginx/1.6.1
491  DEBUG [2017-04-18 14:27:42]  Date:Tue, 18 Apr 2017 06:27:37 GMT
491  DEBUG [2017-04-18 14:27:42]  Content-Type:application/json;charset=UTF-8
491  DEBUG [2017-04-18 14:27:42]  Transfer-Encoding:chunked
491  DEBUG [2017-04-18 14:27:42]  Connection:keep-alive
491  DEBUG [2017-04-18 14:27:42]  Api-Server-IP:10.75.5.96
492  DEBUG [2017-04-18 14:27:42]  Vary:Accept-Encoding
492  WARN  [2017-04-18 14:27:42]  Going to buffer response body of large or unknown size. Using getResponseBodyAsStream instead is recommended.
492  DEBUG [2017-04-18 14:27:42]  {"error":"Request Api not found!","error_code":10020,"request":"/2//messages/reply.json"}

0    DEBUG [2017-04-18 14:30:21]  Request:
1    DEBUG [2017-04-18 14:30:21]  GET:https://api.weibo.com/2/account/get_uid.json
28   DEBUG [2017-04-18 14:30:22]  Authorization: OAuth2 2.008T4N4D09TpN9b6cf4a61d00UAKKJ 
28   DEBUG [2017-04-18 14:30:22]  API-RemoteIP: 192.168.5.104
635  DEBUG [2017-04-18 14:30:22]  Response:
635  DEBUG [2017-04-18 14:30:22]  https StatusCode:200
635  DEBUG [2017-04-18 14:30:22]  Server:nginx/1.6.1
635  DEBUG [2017-04-18 14:30:22]  Date:Tue, 18 Apr 2017 06:30:18 GMT
636  DEBUG [2017-04-18 14:30:22]  Content-Type:application/json;charset=UTF-8
636  DEBUG [2017-04-18 14:30:22]  Transfer-Encoding:chunked
636  DEBUG [2017-04-18 14:30:22]  Connection:keep-alive
636  DEBUG [2017-04-18 14:30:22]  Api-Server-IP:10.77.9.140
636  DEBUG [2017-04-18 14:30:22]  Vary:Accept-Encoding
639  WARN  [2017-04-18 14:30:22]  Going to buffer response body of large or unknown size. Using getResponseBodyAsStream instead is recommended.
640  DEBUG [2017-04-18 14:30:22]  {"uid":3091442725}

644  DEBUG [2017-04-18 14:30:22]  Request:
644  DEBUG [2017-04-18 14:30:22]  GET:https://api.weibo.com/2/messages/reply.json
646  DEBUG [2017-04-18 14:30:22]  Authorization: OAuth2 2.008T4N4D09TpN9b6cf4a61d00UAKKJ 
646  DEBUG [2017-04-18 14:30:22]  API-RemoteIP: 192.168.5.104
695  DEBUG [2017-04-18 14:30:22]  Response:
696  DEBUG [2017-04-18 14:30:22]  https StatusCode:404
696  DEBUG [2017-04-18 14:30:22]  Server:nginx/1.6.1
696  DEBUG [2017-04-18 14:30:22]  Date:Tue, 18 Apr 2017 06:30:18 GMT
697  DEBUG [2017-04-18 14:30:22]  Content-Type:application/json;charset=UTF-8
697  DEBUG [2017-04-18 14:30:22]  Transfer-Encoding:chunked
697  DEBUG [2017-04-18 14:30:22]  Connection:keep-alive
697  DEBUG [2017-04-18 14:30:22]  Api-Server-IP:10.77.9.142
697  DEBUG [2017-04-18 14:30:22]  Vary:Accept-Encoding
697  WARN  [2017-04-18 14:30:22]  Going to buffer response body of large or unknown size. Using getResponseBodyAsStream instead is recommended.
697  DEBUG [2017-04-18 14:30:22]  {"error":"Request Api not found!","error_code":10020,"request":"/2/messages/reply.json"}

0    DEBUG [2017-04-18 14:31:06]  Request:
5    DEBUG [2017-04-18 14:31:06]  GET:https://api.weibo.com/2/account/get_uid.json
48   DEBUG [2017-04-18 14:31:06]  Authorization: OAuth2 2.008T4N4D09TpN9b6cf4a61d00UAKKJ 
48   DEBUG [2017-04-18 14:31:06]  API-RemoteIP: 192.168.5.104
415  DEBUG [2017-04-18 14:31:07]  Response:
416  DEBUG [2017-04-18 14:31:07]  https StatusCode:200
416  DEBUG [2017-04-18 14:31:07]  Server:nginx/1.6.1
416  DEBUG [2017-04-18 14:31:07]  Date:Tue, 18 Apr 2017 06:31:02 GMT
416  DEBUG [2017-04-18 14:31:07]  Content-Type:application/json;charset=UTF-8
416  DEBUG [2017-04-18 14:31:07]  Transfer-Encoding:chunked
417  DEBUG [2017-04-18 14:31:07]  Connection:keep-alive
417  DEBUG [2017-04-18 14:31:07]  Api-Server-IP:10.75.5.112
417  DEBUG [2017-04-18 14:31:07]  Vary:Accept-Encoding
420  WARN  [2017-04-18 14:31:07]  Going to buffer response body of large or unknown size. Using getResponseBodyAsStream instead is recommended.
421  DEBUG [2017-04-18 14:31:07]  {"uid":3091442725}

7371 DEBUG [2017-04-18 14:31:14]  Request:
7371 DEBUG [2017-04-18 14:31:14]  GET:https://api.weibo.com/2/messages/reply.json
7373 DEBUG [2017-04-18 14:31:14]  Authorization: OAuth2 2.008T4N4D09TpN9b6cf4a61d00UAKKJ 
7373 DEBUG [2017-04-18 14:31:14]  API-RemoteIP: 192.168.5.104
7411 DEBUG [2017-04-18 14:31:14]  Response:
7411 DEBUG [2017-04-18 14:31:14]  https StatusCode:404
7411 DEBUG [2017-04-18 14:31:14]  Server:nginx/1.6.1
7412 DEBUG [2017-04-18 14:31:14]  Date:Tue, 18 Apr 2017 06:31:09 GMT
7412 DEBUG [2017-04-18 14:31:14]  Content-Type:application/json;charset=UTF-8
7412 DEBUG [2017-04-18 14:31:14]  Transfer-Encoding:chunked
7412 DEBUG [2017-04-18 14:31:14]  Connection:keep-alive
7412 DEBUG [2017-04-18 14:31:14]  Api-Server-IP:10.77.9.144
7412 DEBUG [2017-04-18 14:31:14]  Vary:Accept-Encoding
7412 WARN  [2017-04-18 14:31:14]  Going to buffer response body of large or unknown size. Using getResponseBodyAsStream instead is recommended.
7412 DEBUG [2017-04-18 14:31:14]  {"error":"Request Api not found!","error_code":10020,"request":"/2/messages/reply.json"}

0    DEBUG [2017-04-18 14:57:45]  Request:
1    DEBUG [2017-04-18 14:57:45]  GET:https://api.weibo.com/2/account/get_uid.json
29   DEBUG [2017-04-18 14:57:45]  Authorization: OAuth2 2.008T4N4D09TpN9b6cf4a61d00UAKKJ 
29   DEBUG [2017-04-18 14:57:45]  API-RemoteIP: 192.168.5.104
452  DEBUG [2017-04-18 14:57:45]  Response:
453  DEBUG [2017-04-18 14:57:45]  https StatusCode:200
453  DEBUG [2017-04-18 14:57:45]  Server:nginx/1.6.1
453  DEBUG [2017-04-18 14:57:45]  Date:Tue, 18 Apr 2017 06:57:41 GMT
454  DEBUG [2017-04-18 14:57:45]  Content-Type:application/json;charset=UTF-8
454  DEBUG [2017-04-18 14:57:45]  Transfer-Encoding:chunked
454  DEBUG [2017-04-18 14:57:45]  Connection:keep-alive
454  DEBUG [2017-04-18 14:57:45]  Api-Server-IP:10.75.5.67
454  DEBUG [2017-04-18 14:57:45]  Vary:Accept-Encoding
458  WARN  [2017-04-18 14:57:45]  Going to buffer response body of large or unknown size. Using getResponseBodyAsStream instead is recommended.
459  DEBUG [2017-04-18 14:57:45]  {"uid":3091442725}

465  DEBUG [2017-04-18 14:57:45]  Request:
465  DEBUG [2017-04-18 14:57:45]  GET:https://api.weibo.com/2/messages/reply.json
468  DEBUG [2017-04-18 14:57:45]  Authorization: OAuth2 2.008T4N4D09TpN9b6cf4a61d00UAKKJ 
468  DEBUG [2017-04-18 14:57:45]  API-RemoteIP: 192.168.5.104
512  DEBUG [2017-04-18 14:57:45]  Response:
512  DEBUG [2017-04-18 14:57:45]  https StatusCode:404
512  DEBUG [2017-04-18 14:57:45]  Server:nginx/1.6.1
513  DEBUG [2017-04-18 14:57:45]  Date:Tue, 18 Apr 2017 06:57:41 GMT
513  DEBUG [2017-04-18 14:57:45]  Content-Type:application/json;charset=UTF-8
513  DEBUG [2017-04-18 14:57:45]  Transfer-Encoding:chunked
513  DEBUG [2017-04-18 14:57:45]  Connection:keep-alive
513  DEBUG [2017-04-18 14:57:45]  Api-Server-IP:10.75.5.94
513  DEBUG [2017-04-18 14:57:45]  Vary:Accept-Encoding
513  WARN  [2017-04-18 14:57:45]  Going to buffer response body of large or unknown size. Using getResponseBodyAsStream instead is recommended.
514  DEBUG [2017-04-18 14:57:45]  {"error":"Request Api not found!","error_code":10020,"request":"/2/messages/reply.json"}

0    DEBUG [2017-04-20 20:06:24]  Request:
1    DEBUG [2017-04-20 20:06:24]  GET:https://api.weibo.com/2/account/get_uid.json
32   DEBUG [2017-04-20 20:06:24]  Authorization: OAuth2 2.00K4vLHGW1ppgDa942e83abaeFs3CD
32   DEBUG [2017-04-20 20:06:24]  API-RemoteIP: 192.168.5.104
557  DEBUG [2017-04-20 20:06:25]  Response:
557  DEBUG [2017-04-20 20:06:25]  https StatusCode:200
557  DEBUG [2017-04-20 20:06:25]  Server:nginx/1.6.1
557  DEBUG [2017-04-20 20:06:25]  Date:Thu, 20 Apr 2017 12:06:24 GMT
557  DEBUG [2017-04-20 20:06:25]  Content-Type:application/json;charset=UTF-8
557  DEBUG [2017-04-20 20:06:25]  Transfer-Encoding:chunked
557  DEBUG [2017-04-20 20:06:25]  Connection:keep-alive
557  DEBUG [2017-04-20 20:06:25]  Api-Server-IP:10.75.5.112
557  DEBUG [2017-04-20 20:06:25]  Vary:Accept-Encoding
559  WARN  [2017-04-20 20:06:25]  Going to buffer response body of large or unknown size. Using getResponseBodyAsStream instead is recommended.
559  DEBUG [2017-04-20 20:06:25]  {"uid":5603073496}

561  INFO  [2017-04-20 20:06:25]  {"uid":5603073496}
0    INFO  [2017-04-20 20:22:54]  code: 2ab4bb95d9a2084d46b1c6dbd5ec8b3a
2    DEBUG [2017-04-20 20:22:54]  Request:
3    DEBUG [2017-04-20 20:22:54]  POSThttps://api.weibo.com/oauth2/access_token
533  DEBUG [2017-04-20 20:22:55]  Response:
534  DEBUG [2017-04-20 20:22:55]  https StatusCode:200
534  DEBUG [2017-04-20 20:22:55]  Server:nginx/1.6.1
535  DEBUG [2017-04-20 20:22:55]  Date:Thu, 20 Apr 2017 12:22:53 GMT
535  DEBUG [2017-04-20 20:22:55]  Content-Type:text/plain;charset=UTF-8
535  DEBUG [2017-04-20 20:22:55]  Content-Length:111
536  DEBUG [2017-04-20 20:22:55]  Connection:keep-alive
536  DEBUG [2017-04-20 20:22:55]  Pragma:No-cache
536  DEBUG [2017-04-20 20:22:55]  Cache-Control:no-cache
537  DEBUG [2017-04-20 20:22:55]  Expires:Thu, 01 Jan 1970 00:00:00 GMT
537  DEBUG [2017-04-20 20:22:55]  Api-Server-IP:172.16.138.66
545  DEBUG [2017-04-20 20:22:55]  {"access_token":"2.00K4vLHG09TpN95cb244192fyidY_C","remind_in":"110226","expires_in":110226,"uid":"5603073496"}

0    DEBUG [2017-04-20 20:28:32]  Request:
0    DEBUG [2017-04-20 20:28:32]  GET:https://api.weibo.com/2/account/get_uid.json
35   DEBUG [2017-04-20 20:28:32]  Authorization: OAuth2 2.00K4vLHGW1ppgDa942e83abaeFs3CD
35   DEBUG [2017-04-20 20:28:32]  API-RemoteIP: 192.168.5.104
447  DEBUG [2017-04-20 20:28:33]  Response:
448  DEBUG [2017-04-20 20:28:33]  https StatusCode:200
448  DEBUG [2017-04-20 20:28:33]  Server:nginx/1.6.1
448  DEBUG [2017-04-20 20:28:33]  Date:Thu, 20 Apr 2017 12:28:31 GMT
448  DEBUG [2017-04-20 20:28:33]  Content-Type:application/json;charset=UTF-8
448  DEBUG [2017-04-20 20:28:33]  Transfer-Encoding:chunked
448  DEBUG [2017-04-20 20:28:33]  Connection:keep-alive
448  DEBUG [2017-04-20 20:28:33]  Api-Server-IP:10.75.5.116
448  DEBUG [2017-04-20 20:28:33]  Vary:Accept-Encoding
450  WARN  [2017-04-20 20:28:33]  Going to buffer response body of large or unknown size. Using getResponseBodyAsStream instead is recommended.
450  DEBUG [2017-04-20 20:28:33]  {"uid":5603073496}

453  INFO  [2017-04-20 20:28:33]  {"uid":5603073496}
0    INFO  [2017-04-20 20:38:42]  code: af7f289803ce4eba55065aa830d237d3
6    DEBUG [2017-04-20 20:38:42]  Request:
6    DEBUG [2017-04-20 20:38:42]  POSThttps://api.weibo.com/oauth2/access_token
529  DEBUG [2017-04-20 20:38:42]  Response:
529  DEBUG [2017-04-20 20:38:42]  https StatusCode:200
544  DEBUG [2017-04-20 20:38:42]  Server:nginx/1.6.1
544  DEBUG [2017-04-20 20:38:42]  Date:Thu, 20 Apr 2017 12:38:41 GMT
544  DEBUG [2017-04-20 20:38:42]  Content-Type:text/plain;charset=UTF-8
544  DEBUG [2017-04-20 20:38:42]  Content-Length:111
544  DEBUG [2017-04-20 20:38:42]  Connection:keep-alive
544  DEBUG [2017-04-20 20:38:42]  Pragma:No-cache
544  DEBUG [2017-04-20 20:38:42]  Cache-Control:no-cache
544  DEBUG [2017-04-20 20:38:42]  Expires:Thu, 01 Jan 1970 00:00:00 GMT
544  DEBUG [2017-04-20 20:38:42]  Api-Server-IP:10.73.89.48
544  DEBUG [2017-04-20 20:38:42]  {"access_token":"2.00K4vLHG09TpN95cb244192fyidY_C","remind_in":"109278","expires_in":109278,"uid":"5603073496"}

0    INFO  [2017-04-27 17:59:58]  code: null
0    INFO  [2017-04-27 17:59:58]  code: null
0    INFO  [2017-04-27 17:59:58]  code: null
54   DEBUG [2017-04-27 17:59:58]  Request:
54   DEBUG [2017-04-27 17:59:58]  Request:
54   DEBUG [2017-04-27 17:59:58]  POSThttps://api.weibo.com/oauth2/access_token
54   DEBUG [2017-04-27 17:59:58]  POSThttps://api.weibo.com/oauth2/access_token
55   DEBUG [2017-04-27 17:59:58]  Request:
55   DEBUG [2017-04-27 17:59:58]  POSThttps://api.weibo.com/oauth2/access_token
0    INFO  [2017-09-06 17:00:23]  === CONF_FILENAME:src/main/resources/fdfs/fdfs_client.conf
0    INFO  [2017-09-06 17:01:49]  === CONF_FILENAME:src/main/resources/fdfs/fdfs_client.conf
0    INFO  [2017-09-06 17:02:16]  === CONF_FILENAME:src/main/resources/fdfs/fdfs_client.conf
0    INFO  [2017-09-06 17:02:35]  === CONF_FILENAME:src/main/resources/fdfs/fdfs_client.conf
0    INFO  [2017-09-06 17:02:48]  === CONF_FILENAME:src/main/resources/fdfs/fdfs_client.conf
0    INFO  [2017-09-06 17:03:19]  === CONF_FILENAME:src/main/resources/fdfs/fdfs_client.conf
0    INFO  [2017-09-06 17:03:57]  === CONF_FILENAME:src/main/resources/fdfs/fdfs_client.conf
0    INFO  [2017-09-06 17:04:19]  === CONF_FILENAME:src/main/resources/fdfs/fdfs_client.conf
0    INFO  [2017-09-06 17:13:14]  === CONF_FILENAME:src/main/resources/fdfs/fdfs_client.conf
0    INFO  [2017-09-06 17:14:55]  === CONF_FILENAME:src/main/resources/fdfs/fdfs_client.conf
1    INFO  [2017-09-06 17:15:32]  === CONF_FILENAME:src/main/resources/fdfs/fdfs_client.conf
0    INFO  [2017-09-06 17:16:27]  === CONF_FILENAME:src/main/resources/fdfs/fdfs_client.conf
0    INFO  [2017-09-06 17:19:21]  === CONF_FILENAME:src/main/resources/fdfs/fdfs_client.conf
0    INFO  [2017-09-06 17:21:06]  === CONF_FILENAME:src/main/resources/fdfs/fdfs_client.conf
0    INFO  [2017-09-06 17:21:18]  === CONF_FILENAME:src/main/resources/fdfs/fdfs_client.conf
0    INFO  [2017-09-06 17:23:03]  === CONF_FILENAME:src/main/resources/fdfs/fdfs_client.conf
0    INFO  [2017-09-06 17:23:39]  === CONF_FILENAME:src/main/resources/fdfs/fdfs_client.conf
0    INFO  [2017-09-06 17:24:01]  === CONF_FILENAME:src/main/resources/fdfs/fdfs_client.conf
0    INFO  [2017-09-06 17:24:07]  === CONF_FILENAME:src/main/resources/fdfs/fdfs_client.conf
1    INFO  [2017-09-06 17:24:49]  === CONF_FILENAME:src/main/resources/fdfs/fdfs_client.conf
0    INFO  [2017-09-06 17:25:22]  === CONF_FILENAME:src/main/resources/fdfs/fdfs_client.conf
0    INFO  [2017-09-06 17:27:45]  === CONF_FILENAME:src/main/resources/fdfs/fdfs_client.conf
1    INFO  [2017-09-06 17:31:58]  === CONF_FILENAME:src/main/resources/fdfs/fdfs_client.conf
1051 ERROR [2017-09-06 17:31:59]  getConnection return null
2056 ERROR [2017-09-06 17:32:00]  getStoreStorage return null
3072 ERROR [2017-09-06 17:32:01]  org.csource.common.MyException: getStoreStorage fail, errno code: 0
0    INFO  [2017-09-06 17:32:16]  === CONF_FILENAME:src/main/resources/fdfs/fdfs_client.conf
1    INFO  [2017-09-06 17:33:05]  === CONF_FILENAME:src/main/resources/fdfs/fdfs_client.conf
0    INFO  [2017-09-06 17:34:49]  === CONF_FILENAME:src/main/resources/fdfs/fdfs_client.conf
1    INFO  [2017-09-06 17:35:33]  === CONF_FILENAME:src/main/resources/fdfs/fdfs_client.conf
0    INFO  [2017-09-06 17:38:44]  === CONF_FILENAME:src/main/resources/fdfs/fdfs_client.conf
0    INFO  [2017-09-06 17:39:36]  === CONF_FILENAME:src/main/resources/fdfs/fdfs_client.conf
0    INFO  [2017-09-06 17:43:09]  === CONF_FILENAME:src/main/resources/fdfs/fdfs_client.conf
0    INFO  [2017-09-06 17:44:04]  === CONF_FILENAME:src/main/resources/fdfs/fdfs_client.conf
