2018-03-29 12:30:39.934 ERROR 55208 --- [main] o.s.boot.SpringApplication               : Application startup failed

org.springframework.beans.factory.BeanCreationException: Error creating bean with name 'userTransaction' defined in class path resource [com/lzhsite/spring/web/config/XATransactionManagerConfig.class]: Bean instantiation via factory method failed; nested exception is org.springframework.beans.BeanInstantiationException: Failed to instantiate [javax.transaction.UserTransaction]: Factory method 'userTransaction' threw exception; nested exception is java.lang.IllegalStateException: Can't overwrite cause with com.atomikos.icatch.SysException: Error in init: Error during checkpointing
	at org.springframework.beans.factory.support.ConstructorResolver.instantiateUsingFactoryMethod(ConstructorResolver.java:599)
	at org.springframework.beans.factory.support.AbstractAutowireCapableBeanFactory.instantiateUsingFactoryMethod(AbstractAutowireCapableBeanFactory.java:1173)
	at org.springframework.beans.factory.support.AbstractAutowireCapableBeanFactory.createBeanInstance(AbstractAutowireCapableBeanFactory.java:1067)
	at org.springframework.beans.factory.support.AbstractAutowireCapableBeanFactory.doCreateBean(AbstractAutowireCapableBeanFactory.java:513)
	at org.springframework.beans.factory.support.AbstractAutowireCapableBeanFactory.createBean(AbstractAutowireCapableBeanFactory.java:483)
	at org.springframework.beans.factory.support.AbstractBeanFactory$1.getObject(AbstractBeanFactory.java:306)
	at org.springframework.beans.factory.support.DefaultSingletonBeanRegistry.getSingleton(DefaultSingletonBeanRegistry.java:230)
	at org.springframework.beans.factory.support.AbstractBeanFactory.doGetBean(AbstractBeanFactory.java:302)
	at org.springframework.beans.factory.support.AbstractBeanFactory.getBean(AbstractBeanFactory.java:197)
	at org.springframework.beans.factory.support.DefaultListableBeanFactory.preInstantiateSingletons(DefaultListableBeanFactory.java:761)
	at org.springframework.context.support.AbstractApplicationContext.finishBeanFactoryInitialization(AbstractApplicationContext.java:867)
	at org.springframework.context.support.AbstractApplicationContext.refresh(AbstractApplicationContext.java:543)
	at org.springframework.boot.context.embedded.EmbeddedWebApplicationContext.refresh(EmbeddedWebApplicationContext.java:122)
	at org.springframework.boot.SpringApplication.refresh(SpringApplication.java:693)
	at org.springframework.boot.SpringApplication.refreshContext(SpringApplication.java:360)
	at org.springframework.boot.SpringApplication.run(SpringApplication.java:303)
	at org.springframework.boot.SpringApplication.run(SpringApplication.java:1118)
	at org.springframework.boot.SpringApplication.run(SpringApplication.java:1107)
	at com.lzhsite.spring.Application.main(Application.java:10)
Caused by: org.springframework.beans.BeanInstantiationException: Failed to instantiate [javax.transaction.UserTransaction]: Factory method 'userTransaction' threw exception; nested exception is java.lang.IllegalStateException: Can't overwrite cause with com.atomikos.icatch.SysException: Error in init: Error during checkpointing
	at org.springframework.beans.factory.support.SimpleInstantiationStrategy.instantiate(SimpleInstantiationStrategy.java:189)
	at org.springframework.beans.factory.support.ConstructorResolver.instantiateUsingFactoryMethod(ConstructorResolver.java:588)
	... 18 common frames omitted
Caused by: java.lang.IllegalStateException: Can't overwrite cause with com.atomikos.icatch.SysException: Error in init: Error during checkpointing
	at java.lang.Throwable.initCause(Throwable.java:457)
	at com.atomikos.icatch.standalone.UserTransactionServiceImp.init(UserTransactionServiceImp.java:326)
	at com.atomikos.icatch.config.UserTransactionServiceImp.init(UserTransactionServiceImp.java:405)
	at com.atomikos.icatch.jta.UserTransactionImp.checkSetup(UserTransactionImp.java:80)
	at com.atomikos.icatch.jta.UserTransactionImp.setTransactionTimeout(UserTransactionImp.java:148)
	at com.lzhsite.spring.web.config.XATransactionManagerConfig.userTransaction(XATransactionManagerConfig.java:30)
	at com.lzhsite.spring.web.config.XATransactionManagerConfig$$EnhancerBySpringCGLIB$$d12e6ff1.CGLIB$userTransaction$1(<generated>)
	at com.lzhsite.spring.web.config.XATransactionManagerConfig$$EnhancerBySpringCGLIB$$d12e6ff1$$FastClassBySpringCGLIB$$e81fed8f.invoke(<generated>)
	at org.springframework.cglib.proxy.MethodProxy.invokeSuper(MethodProxy.java:228)
	at org.springframework.context.annotation.ConfigurationClassEnhancer$BeanMethodInterceptor.intercept(ConfigurationClassEnhancer.java:358)
	at com.lzhsite.spring.web.config.XATransactionManagerConfig$$EnhancerBySpringCGLIB$$d12e6ff1.userTransaction(<generated>)
	at sun.reflect.NativeMethodAccessorImpl.invoke0(Native Method)
	at sun.reflect.NativeMethodAccessorImpl.invoke(NativeMethodAccessorImpl.java:62)
	at sun.reflect.DelegatingMethodAccessorImpl.invoke(DelegatingMethodAccessorImpl.java:43)
	at java.lang.reflect.Method.invoke(Method.java:483)
	at org.springframework.beans.factory.support.SimpleInstantiationStrategy.instantiate(SimpleInstantiationStrategy.java:162)
	... 19 common frames omitted
Caused by: com.atomikos.icatch.SysException: Error in init(): Error in init: Error during checkpointing
	... 34 common frames omitted
Caused by: com.atomikos.icatch.SysException: Error in init: Error during checkpointing
	at com.atomikos.icatch.imp.TransactionServiceImp.init(TransactionServiceImp.java:657)
	at com.atomikos.icatch.imp.BaseTransactionManager.init(BaseTransactionManager.java:181)
	at com.atomikos.icatch.standalone.StandAloneTransactionManager.init(StandAloneTransactionManager.java:104)
	at com.atomikos.icatch.standalone.UserTransactionServiceImp.init(UserTransactionServiceImp.java:259)
	at com.atomikos.icatch.config.UserTransactionServiceImp.init(UserTransactionServiceImp.java:405)
	at com.atomikos.icatch.jta.UserTransactionImp.checkSetup(UserTransactionImp.java:80)
	at com.atomikos.icatch.jta.UserTransactionImp.setTransactionTimeout(UserTransactionImp.java:148)
	at com.lzhsite.spring.web.config.XATransactionManagerConfig.userTransaction(XATransactionManagerConfig.java:30)
	at com.lzhsite.spring.web.config.XATransactionManagerConfig$$EnhancerBySpringCGLIB$$d12e6ff1.CGLIB$userTransaction$1(<generated>)
	at com.lzhsite.spring.web.config.XATransactionManagerConfig$$EnhancerBySpringCGLIB$$d12e6ff1$$FastClassBySpringCGLIB$$e81fed8f.invoke(<generated>)
	at org.springframework.cglib.proxy.MethodProxy.invokeSuper(MethodProxy.java:228)
	at org.springframework.context.annotation.ConfigurationClassEnhancer$BeanMethodInterceptor.intercept(ConfigurationClassEnhancer.java:358)
	at com.lzhsite.spring.web.config.XATransactionManagerConfig$$EnhancerBySpringCGLIB$$d12e6ff1.userTransaction(<generated>)
	at sun.reflect.NativeMethodAccessorImpl.invoke0(Native Method)
	at sun.reflect.NativeMethodAccessorImpl.invoke(NativeMethodAccessorImpl.java:62)
	at sun.reflect.DelegatingMethodAccessorImpl.invoke(DelegatingMethodAccessorImpl.java:43)
	at java.lang.reflect.Method.invoke(Method.java:483)
	at org.springframework.beans.factory.support.SimpleInstantiationStrategy.instantiate(SimpleInstantiationStrategy.java:162)
	at org.springframework.beans.factory.support.ConstructorResolver.instantiateUsingFactoryMethod(ConstructorResolver.java:588)
	at org.springframework.beans.factory.support.AbstractAutowireCapableBeanFactory.instantiateUsingFactoryMethod(AbstractAutowireCapableBeanFactory.java:1173)
	at org.springframework.beans.factory.support.AbstractAutowireCapableBeanFactory.createBeanInstance(AbstractAutowireCapableBeanFactory.java:1067)
	at org.springframework.beans.factory.support.AbstractAutowireCapableBeanFactory.doCreateBean(AbstractAutowireCapableBeanFactory.java:513)
	at org.springframework.beans.factory.support.AbstractAutowireCapableBeanFactory.createBean(AbstractAutowireCapableBeanFactory.java:483)
	at org.springframework.beans.factory.support.AbstractBeanFactory$1.getObject(AbstractBeanFactory.java:306)
	at org.springframework.beans.factory.support.DefaultSingletonBeanRegistry.getSingleton(DefaultSingletonBeanRegistry.java:230)
	at org.springframework.beans.factory.support.AbstractBeanFactory.doGetBean(AbstractBeanFactory.java:302)
	at org.springframework.beans.factory.support.AbstractBeanFactory.getBean(AbstractBeanFactory.java:197)
	at org.springframework.beans.factory.support.DefaultListableBeanFactory.preInstantiateSingletons(DefaultListableBeanFactory.java:761)
	at org.springframework.context.support.AbstractApplicationContext.finishBeanFactoryInitialization(AbstractApplicationContext.java:867)
	at org.springframework.context.support.AbstractApplicationContext.refresh(AbstractApplicationContext.java:543)
	at org.springframework.boot.context.embedded.EmbeddedWebApplicationContext.refresh(EmbeddedWebApplicationContext.java:122)
	at org.springframework.boot.SpringApplication.refresh(SpringApplication.java:693)
	at org.springframework.boot.SpringApplication.refreshContext(SpringApplication.java:360)
	at org.springframework.boot.SpringApplication.run(SpringApplication.java:303)
	at org.springframework.boot.SpringApplication.run(SpringApplication.java:1118)
	at org.springframework.boot.SpringApplication.run(SpringApplication.java:1107)
	at com.lzhsite.spring.Application.main(Application.java:10)
	at com.atomikos.persistence.imp.FileLogStream.writeCheckpoint(FileLogStream.java:171)
	at com.atomikos.persistence.imp.StreamObjectLog.forceWriteCheckpoint(StreamObjectLog.java:119)
	at com.atomikos.persistence.imp.StreamObjectLog.init(StreamObjectLog.java:87)
	at com.atomikos.persistence.imp.StateRecoveryManagerImp.init(StateRecoveryManagerImp.java:182)
	at com.atomikos.icatch.imp.TransactionServiceImp.init(TransactionServiceImp.java:654)
	at com.atomikos.icatch.imp.BaseTransactionManager.init(BaseTransactionManager.java:181)
	at com.atomikos.icatch.standalone.StandAloneTransactionManager.init(StandAloneTransactionManager.java:104)
	at com.atomikos.icatch.standalone.UserTransactionServiceImp.init(UserTransactionServiceImp.java:259)
	... 33 common frames omitted

